This may take a while... Go get coffee!
done!
Class = zebra
  Concept = dotted
>>> P-val <<<
 0.0
>>> Number of TCAV concept observations <<<
 27
>>> Number of TCAV random observations <<<
 702
    Bottleneck = mixed3a. TCAV Score = 0.34 (+- 0.08), random was 0.50 (+- 0.11). p-val = 0.000 (significant)
>>> P-val <<<
 0.0
>>> Number of TCAV concept observations <<<
 27
>>> Number of TCAV random observations <<<
 702
    Bottleneck = mixed3b. TCAV Score = 0.32 (+- 0.09), random was 0.50 (+- 0.13). p-val = 0.000 (significant)
>>> P-val <<<
 0.0
>>> Number of TCAV concept observations <<<
 27
>>> Number of TCAV random observations <<<
 702
    Bottleneck = mixed4a. TCAV Score = 0.31 (+- 0.08), random was 0.50 (+- 0.17). p-val = 0.000 (significant)
>>> P-val <<<
 0.0
>>> Number of TCAV concept observations <<<
 27
>>> Number of TCAV random observations <<<
 702
    Bottleneck = mixed4b. TCAV Score = 0.20 (+- 0.08), random was 0.50 (+- 0.17). p-val = 0.000 (significant)
>>> P-val <<<
 0.618
>>> Number of TCAV concept observations <<<
 27
>>> Number of TCAV random observations <<<
 702
    Bottleneck = mixed4c. TCAV Score = 0.48 (+- 0.16), random was 0.50 (+- 0.21). p-val = 0.618 (not significant)
>>> P-val <<<
 0.0
>>> Number of TCAV concept observations <<<
 27
>>> Number of TCAV random observations <<<
 702
    Bottleneck = mixed4d. TCAV Score = 0.71 (+- 0.24), random was 0.51 (+- 0.23). p-val = 0.000 (significant)
>>> P-val <<<
 0.001
>>> Number of TCAV concept observations <<<
 27
>>> Number of TCAV random observations <<<
 702
    Bottleneck = mixed4e. TCAV Score = 0.66 (+- 0.22), random was 0.49 (+- 0.26). p-val = 0.001 (significant)
>>> P-val <<<
 0.0
>>> Number of TCAV concept observations <<<
 27
>>> Number of TCAV random observations <<<
 702
    Bottleneck = mixed5a. TCAV Score = 0.81 (+- 0.18), random was 0.50 (+- 0.30). p-val = 0.000 (significant)
>>> P-val <<<
 0.422
>>> Number of TCAV concept observations <<<
 27
>>> Number of TCAV random observations <<<
 702
    Bottleneck = mixed5b. TCAV Score = 0.44 (+- 0.33), random was 0.50 (+- 0.35). p-val = 0.422 (not significant)
  Concept = striped
>>> P-val <<<
 0.014
>>> Number of TCAV concept observations <<<
 27
>>> Number of TCAV random observations <<<
 702
    Bottleneck = mixed3a. TCAV Score = 0.55 (+- 0.07), random was 0.50 (+- 0.11). p-val = 0.014 (significant)
>>> P-val <<<
 0.0
>>> Number of TCAV concept observations <<<
 27
>>> Number of TCAV random observations <<<
 702
    Bottleneck = mixed3b. TCAV Score = 0.66 (+- 0.11), random was 0.50 (+- 0.13). p-val = 0.000 (significant)
>>> P-val <<<
 0.946
>>> Number of TCAV concept observations <<<
 27
>>> Number of TCAV random observations <<<
 702
    Bottleneck = mixed4a. TCAV Score = 0.51 (+- 0.08), random was 0.50 (+- 0.17). p-val = 0.946 (not significant)
>>> P-val <<<
 0.0
>>> Number of TCAV concept observations <<<
 27
>>> Number of TCAV random observations <<<
 702
    Bottleneck = mixed4b. TCAV Score = 0.68 (+- 0.15), random was 0.50 (+- 0.17). p-val = 0.000 (significant)
>>> P-val <<<
 0.0
>>> Number of TCAV concept observations <<<
 27
>>> Number of TCAV random observations <<<
 702
    Bottleneck = mixed4c. TCAV Score = 0.89 (+- 0.09), random was 0.50 (+- 0.21). p-val = 0.000 (significant)
>>> P-val <<<
 0.0
>>> Number of TCAV concept observations <<<
 27
>>> Number of TCAV random observations <<<
 702
    Bottleneck = mixed4d. TCAV Score = 0.91 (+- 0.13), random was 0.51 (+- 0.23). p-val = 0.000 (significant)
>>> P-val <<<
 0.0
>>> Number of TCAV concept observations <<<
 27
>>> Number of TCAV random observations <<<
 702
    Bottleneck = mixed4e. TCAV Score = 0.94 (+- 0.09), random was 0.49 (+- 0.26). p-val = 0.000 (significant)
>>> P-val <<<
 0.0
>>> Number of TCAV concept observations <<<
 27
>>> Number of TCAV random observations <<<
 702
    Bottleneck = mixed5a. TCAV Score = 1.00 (+- 0.00), random was 0.50 (+- 0.30). p-val = 0.000 (significant)
>>> P-val <<<
 0.0
>>> Number of TCAV concept observations <<<
 27
>>> Number of TCAV random observations <<<
 702
    Bottleneck = mixed5b. TCAV Score = 1.00 (+- 0.01), random was 0.50 (+- 0.35). p-val = 0.000 (significant)
  Concept = zigzagged
>>> P-val <<<
 0.0
>>> Number of TCAV concept observations <<<
 27
>>> Number of TCAV random observations <<<
 702
    Bottleneck = mixed3a. TCAV Score = 0.42 (+- 0.06), random was 0.50 (+- 0.11). p-val = 0.000 (significant)
>>> P-val <<<
 0.337
>>> Number of TCAV concept observations <<<
 27
>>> Number of TCAV random observations <<<
 702
    Bottleneck = mixed3b. TCAV Score = 0.47 (+- 0.10), random was 0.50 (+- 0.13). p-val = 0.337 (not significant)
>>> P-val <<<
 0.214
>>> Number of TCAV concept observations <<<
 27
>>> Number of TCAV random observations <<<
 702
    Bottleneck = mixed4a. TCAV Score = 0.46 (+- 0.09), random was 0.50 (+- 0.17). p-val = 0.214 (not significant)
>>> P-val <<<
 0.005
>>> Number of TCAV concept observations <<<
 27
>>> Number of TCAV random observations <<<
 702
    Bottleneck = mixed4b. TCAV Score = 0.59 (+- 0.16), random was 0.50 (+- 0.17). p-val = 0.005 (significant)
>>> P-val <<<
 0.0
>>> Number of TCAV concept observations <<<
 27
>>> Number of TCAV random observations <<<
 702
    Bottleneck = mixed4c. TCAV Score = 0.81 (+- 0.12), random was 0.50 (+- 0.21). p-val = 0.000 (significant)
>>> P-val <<<
 0.0
>>> Number of TCAV concept observations <<<
 27
>>> Number of TCAV random observations <<<
 702
    Bottleneck = mixed4d. TCAV Score = 0.86 (+- 0.11), random was 0.51 (+- 0.23). p-val = 0.000 (significant)
>>> P-val <<<
 0.0
>>> Number of TCAV concept observations <<<
 27
>>> Number of TCAV random observations <<<
 702
    Bottleneck = mixed4e. TCAV Score = 0.85 (+- 0.14), random was 0.49 (+- 0.26). p-val = 0.000 (significant)
>>> P-val <<<
 0.0
>>> Number of TCAV concept observations <<<
 27
>>> Number of TCAV random observations <<<
 702
    Bottleneck = mixed5a. TCAV Score = 0.94 (+- 0.05), random was 0.50 (+- 0.30). p-val = 0.000 (significant)
>>> P-val <<<
 0.204
>>> Number of TCAV concept observations <<<
 27
>>> Number of TCAV random observations <<<
 702
    Bottleneck = mixed5b. TCAV Score = 0.58 (+- 0.35), random was 0.50 (+- 0.35). p-val = 0.204 (not significant)
{'mixed3a': {'bn_vals': [0.3438438438438438, 0.5535535535535535, 0.4194194194194194], 'bn_stds': [0.0806908639191856, 0.07406054579817382, 0.058786974414518606], 'significant': [True, True, True]}, 'mixed3b': {'bn_vals': [0.3233233233233233, 0.6561561561561562, 0.01], 'bn_stds': [0.08849381039259821, 0.10566133384840348, 0], 'significant': [True, True, False]}, 'mixed4a': {'bn_vals': [0.3073073073073073, 0.01, 0.01], 'bn_stds': [0.08179470678314964, 0, 0], 'significant': [True, False, False]}, 'mixed4b': {'bn_vals': [0.20420420420420418, 0.6751751751751752, 0.5890890890890892], 'bn_stds': [0.0798482630649149, 0.14589224726171826, 0.15837499865116117], 'significant': [True, True, True]}, 'mixed4c': {'bn_vals': [0.01, 0.8863863863863863, 0.8073073073073074], 'bn_stds': [0, 0.08844284284646826, 0.12497288035180285], 'significant': [False, True, True]}, 'mixed4d': {'bn_vals': [0.7142142142142142, 0.9089089089089091, 0.8583583583583584], 'bn_stds': [0.24440008812344244, 0.12844251032831933, 0.11248463420873632], 'significant': [True, True, True]}, 'mixed4e': {'bn_vals': [0.6646646646646646, 0.9359359359359359, 0.848848848848849], 'bn_stds': [0.22329615420735555, 0.08559290253159198, 0.1394233060779191], 'significant': [True, True, True]}, 'mixed5a': {'bn_vals': [0.8068068068068069, 0.9994994994994995, 0.941941941941942], 'bn_stds': [0.1805856853915806, 0.0025520618186150026, 0.05452929409395336], 'significant': [True, True, True]}, 'mixed5b': {'bn_vals': [0.01, 0.995995995995996, 0.01], 'bn_stds': [0, 0.008868891464799456, 0], 'significant': [False, True, False]}}
