This may take a while... Go get coffee!
done!
Class = zebra
  Concept = dotted
>>> P-val <<<
 0.0
>>> Number of TCAV concept observations <<<
 4
>>> Number of TCAV random observations <<<
 12
    Bottleneck = mixed3a. TCAV Score = 0.36 (+- 0.07), random was 0.52 (+- 0.04). p-val = 0.000 (significant)
>>> P-val <<<
 0.035
>>> Number of TCAV concept observations <<<
 4
>>> Number of TCAV random observations <<<
 12
    Bottleneck = mixed3b. TCAV Score = 0.31 (+- 0.03), random was 0.47 (+- 0.13). p-val = 0.035 (significant)
  Concept = striped
>>> P-val <<<
 0.148
>>> Number of TCAV concept observations <<<
 4
>>> Number of TCAV random observations <<<
 12
    Bottleneck = mixed3a. TCAV Score = 0.55 (+- 0.03), random was 0.52 (+- 0.04). p-val = 0.148 (not significant)
>>> P-val <<<
 0.146
>>> Number of TCAV concept observations <<<
 4
>>> Number of TCAV random observations <<<
 12
    Bottleneck = mixed3b. TCAV Score = 0.59 (+- 0.12), random was 0.47 (+- 0.13). p-val = 0.146 (not significant)
  Concept = zigzagged
>>> P-val <<<
 0.005
>>> Number of TCAV concept observations <<<
 4
>>> Number of TCAV random observations <<<
 12
    Bottleneck = mixed3a. TCAV Score = 0.42 (+- 0.06), random was 0.52 (+- 0.04). p-val = 0.005 (significant)
>>> P-val <<<
 0.488
>>> Number of TCAV concept observations <<<
 4
>>> Number of TCAV random observations <<<
 12
    Bottleneck = mixed3b. TCAV Score = 0.52 (+- 0.08), random was 0.47 (+- 0.13). p-val = 0.488 (not significant)
{'mixed3a': {'bn_vals': [0.3648648648648649, 0.01, 0.42229729729729737], 'bn_stds': [0.07463081768369771, 0, 0.05520315756205468], 'significant': [True, False, True]}, 'mixed3b': {'bn_vals': [0.3108108108108108, 0.01, 0.01], 'bn_stds': [0.02528146882955365, 0, 0], 'significant': [True, False, False]}}
